{
  message: 'Conectado al puerto 8080 , Processo worker: 11232',
  level: 'info',
  timestamp: '2024-01-22T06:58:48.175Z'
}
{
  message: 'Cliente conectado: fJo1nATRAXge5TVuAAAB',
  level: 'info',
  timestamp: '2024-01-22T06:58:48.590Z'
}
{
  message: 'Conectado a la base de datos',
  level: 'info',
  timestamp: '2024-01-22T06:58:50.118Z'
}
{
  message: 'Conectado al puerto 8080 , Processo worker: 2608',
  level: 'info',
  timestamp: '2024-01-22T07:00:11.702Z'
}
{
  message: 'Cliente conectado: Jw1vJZgTLU8J6lR9AAAB',
  level: 'info',
  timestamp: '2024-01-22T07:00:12.583Z'
}
{
  message: 'Conectado a la base de datos',
  level: 'info',
  timestamp: '2024-01-22T07:00:13.913Z'
}
